<?xml version="1.0" encoding="UTF-8"?>
<!-- Generated by org.testng.reporters.JUnitXMLReporter -->
<testsuite ignored="0" hostname="WS429" failures="0" tests="10" name="Default test" time="11.433" errors="0" timestamp="2020-10-15T15:29:09 ICT">
  <testcase classname="ex.NewTest" name="a" time="2.937"/>
  <testcase classname="ex.NewTest" name="a" time="0.546"/>
  <testcase classname="ex.NewTest" name="a" time="0.57"/>
  <testcase classname="ex.NewTest" name="a" time="0.482"/>
  <testcase classname="ex.NewTest" name="a" time="0.478"/>
  <testcase classname="ex.NewTest" name="b" time="0.0">
    <skipped/>
  </testcase> <!-- b -->
  <testcase classname="ex.NewTest" name="f1" time="0.815"/>
  <testcase classname="ex.NewTest" name="f1" time="0.497"/>
  <testcase classname="ex.NewTest" name="f1" time="0.475"/>
  <testcase classname="ex.NewTest" name="f1" time="0.483"/>
</testsuite> <!-- Default test -->
