<?xml version="1.0" encoding="UTF-8"?>
<!-- Generated by org.testng.reporters.JUnitXMLReporter -->
<testsuite ignored="0" hostname="WS429" failures="0" tests="9" name="Default test" time="13.753" errors="0" timestamp="2020-10-15T11:40:51 ICT">
  <testcase classname="ex.NewTest" name="a" time="1.423"/>
  <testcase classname="ex.NewTest" name="a" time="0.81"/>
  <testcase classname="ex.NewTest" name="a" time="0.738"/>
  <testcase classname="ex.NewTest" name="a" time="1.02"/>
  <testcase classname="ex.NewTest" name="a" time="1.303"/>
  <testcase classname="ex.NewTest" name="f1" time="1.015"/>
  <testcase classname="ex.NewTest" name="f1" time="1.832"/>
  <testcase classname="ex.NewTest" name="f1" time="0.676"/>
  <testcase classname="ex.NewTest" name="f1" time="0.889"/>
</testsuite> <!-- Default test -->
