<?xml version="1.0" encoding="UTF-8"?>
<!-- Generated by org.testng.reporters.JUnitXMLReporter -->
<testsuite ignored="2" hostname="WS429" failures="0" tests="1" name="Test Demo" time="3.678" errors="0" timestamp="2020-10-15T15:25:50 ICT">
  <testcase classname="ex.NewTest" name="b" time="0.0">
    <skipped/>
  </testcase> <!-- b -->
  <testcase classname="ex.NewTest" name="a" time="0.0">
    <ignored/>
  </testcase> <!-- a -->
  <testcase classname="ex.NewTest" name="f1" time="0.0">
    <ignored/>
  </testcase> <!-- f1 -->
</testsuite> <!-- Test Demo -->
