<?xml version="1.0" encoding="UTF-8"?>
<testng-results ignored="1" total="6" passed="5" failed="0" skipped="0">
  <reporter-output>
  </reporter-output>
  <suite started-at="2020-10-15T11:40:59 ICT" name="Suite" finished-at="2020-10-15T11:41:12 ICT" duration-ms="12363">
    <groups>
      <group name="test">
        <method signature="NewTest.a(java.lang.String)[pri:0, instance:ex.NewTest@7690781]" name="a" class="ex.NewTest"/>
      </group> <!-- test -->
      <group name="asrx">
        <method signature="NewTest.a(java.lang.String)[pri:0, instance:ex.NewTest@7690781]" name="a" class="ex.NewTest"/>
      </group> <!-- asrx -->
    </groups>
    <test started-at="2020-10-15T11:40:59 ICT" name="Test Demo" finished-at="2020-10-15T11:41:12 ICT" duration-ms="12363">
      <class name="ex.NewTest">
        <test-method is-config="true" signature="beforeTest()[pri:0, instance:ex.NewTest@7690781]" started-at="2020-10-15T11:40:59 ICT" name="beforeTest" finished-at="2020-10-15T11:41:02 ICT" duration-ms="2992" status="PASS">
          <reporter-output>
          </reporter-output>
        </test-method> <!-- beforeTest -->
        <test-method signature="a(java.lang.String)[pri:0, instance:ex.NewTest@7690781]" started-at="2020-10-15T11:41:03 ICT" name="a" data-provider="dataFromExcel2" finished-at="2020-10-15T11:41:05 ICT" duration-ms="2611" status="PASS">
          <params>
            <param index="0">
              <value>
                <![CDATA[dsfagrgg]]>
              </value>
            </param>
          </params>
          <reporter-output>
          </reporter-output>
        </test-method> <!-- a -->
        <test-method signature="a(java.lang.String)[pri:0, instance:ex.NewTest@7690781]" started-at="2020-10-15T11:41:05 ICT" name="a" data-provider="dataFromExcel2" finished-at="2020-10-15T11:41:06 ICT" duration-ms="602" status="PASS">
          <params>
            <param index="0">
              <value>
                <![CDATA[sfafsf]]>
              </value>
            </param>
          </params>
          <reporter-output>
          </reporter-output>
        </test-method> <!-- a -->
        <test-method signature="a(java.lang.String)[pri:0, instance:ex.NewTest@7690781]" started-at="2020-10-15T11:41:06 ICT" name="a" data-provider="dataFromExcel2" finished-at="2020-10-15T11:41:08 ICT" duration-ms="1623" status="PASS">
          <params>
            <param index="0">
              <value>
                <![CDATA[123test]]>
              </value>
            </param>
          </params>
          <reporter-output>
          </reporter-output>
        </test-method> <!-- a -->
        <test-method signature="a(java.lang.String)[pri:0, instance:ex.NewTest@7690781]" started-at="2020-10-15T11:41:08 ICT" name="a" data-provider="dataFromExcel2" finished-at="2020-10-15T11:41:08 ICT" duration-ms="612" status="PASS">
          <params>
            <param index="0">
              <value>
                <![CDATA[Pajsmth]]>
              </value>
            </param>
          </params>
          <reporter-output>
          </reporter-output>
        </test-method> <!-- a -->
        <test-method signature="a(java.lang.String)[pri:0, instance:ex.NewTest@7690781]" started-at="2020-10-15T11:41:08 ICT" name="a" data-provider="dataFromExcel2" finished-at="2020-10-15T11:41:11 ICT" duration-ms="2943" status="PASS">
          <params>
            <param index="0">
              <value>
                <![CDATA[fglPi^%%*2]]>
              </value>
            </param>
          </params>
          <reporter-output>
          </reporter-output>
        </test-method> <!-- a -->
        <test-method is-config="true" signature="afterTest()[pri:0, instance:ex.NewTest@7690781]" started-at="2020-10-15T11:41:11 ICT" name="afterTest" finished-at="2020-10-15T11:41:12 ICT" duration-ms="688" status="PASS">
          <reporter-output>
          </reporter-output>
        </test-method> <!-- afterTest -->
      </class> <!-- ex.NewTest -->
    </test> <!-- Test Demo -->
  </suite> <!-- Suite -->
</testng-results>
