<?xml version="1.0" encoding="UTF-8"?>
<testng-results ignored="0" total="9" passed="9" failed="0" skipped="0">
  <reporter-output>
  </reporter-output>
  <suite started-at="2020-10-15T11:11:27 ICT" name="Default suite" finished-at="2020-10-15T11:11:42 ICT" duration-ms="15090">
    <groups>
      <group name="no">
        <method signature="NewTest.f1(java.lang.String, java.lang.String)[pri:0, instance:ex.NewTest@7690781]" name="f1" class="ex.NewTest"/>
      </group> <!-- no -->
      <group name="asrx">
        <method signature="NewTest.f(java.lang.String)[pri:0, instance:ex.NewTest@7690781]" name="f" class="ex.NewTest"/>
      </group> <!-- asrx -->
      <group name="test1">
        <method signature="NewTest.f(java.lang.String)[pri:0, instance:ex.NewTest@7690781]" name="f" class="ex.NewTest"/>
      </group> <!-- test1 -->
    </groups>
    <test started-at="2020-10-15T11:11:27 ICT" name="Default test" finished-at="2020-10-15T11:11:42 ICT" duration-ms="15090">
      <class name="ex.NewTest">
        <test-method is-config="true" signature="beforeTest()[pri:0, instance:ex.NewTest@7690781]" started-at="2020-10-15T11:11:27 ICT" name="beforeTest" finished-at="2020-10-15T11:11:30 ICT" duration-ms="2882" status="PASS">
          <reporter-output>
          </reporter-output>
        </test-method> <!-- beforeTest -->
        <test-method signature="f(java.lang.String)[pri:0, instance:ex.NewTest@7690781]" started-at="2020-10-15T11:11:30 ICT" name="f" data-provider="dataFromExcel2" finished-at="2020-10-15T11:11:32 ICT" duration-ms="1334" status="PASS">
          <params>
            <param index="0">
              <value>
                <![CDATA[dsfagrgg]]>
              </value>
            </param>
          </params>
          <reporter-output>
          </reporter-output>
        </test-method> <!-- f -->
        <test-method signature="f(java.lang.String)[pri:0, instance:ex.NewTest@7690781]" started-at="2020-10-15T11:11:32 ICT" name="f" data-provider="dataFromExcel2" finished-at="2020-10-15T11:11:32 ICT" duration-ms="495" status="PASS">
          <params>
            <param index="0">
              <value>
                <![CDATA[sfafsf]]>
              </value>
            </param>
          </params>
          <reporter-output>
          </reporter-output>
        </test-method> <!-- f -->
        <test-method signature="f(java.lang.String)[pri:0, instance:ex.NewTest@7690781]" started-at="2020-10-15T11:11:32 ICT" name="f" data-provider="dataFromExcel2" finished-at="2020-10-15T11:11:32 ICT" duration-ms="462" status="PASS">
          <params>
            <param index="0">
              <value>
                <![CDATA[123test]]>
              </value>
            </param>
          </params>
          <reporter-output>
          </reporter-output>
        </test-method> <!-- f -->
        <test-method signature="f(java.lang.String)[pri:0, instance:ex.NewTest@7690781]" started-at="2020-10-15T11:11:32 ICT" name="f" data-provider="dataFromExcel2" finished-at="2020-10-15T11:11:34 ICT" duration-ms="1880" status="PASS">
          <params>
            <param index="0">
              <value>
                <![CDATA[Pajsmth]]>
              </value>
            </param>
          </params>
          <reporter-output>
          </reporter-output>
        </test-method> <!-- f -->
        <test-method signature="f(java.lang.String)[pri:0, instance:ex.NewTest@7690781]" started-at="2020-10-15T11:11:34 ICT" name="f" data-provider="dataFromExcel2" finished-at="2020-10-15T11:11:35 ICT" duration-ms="783" status="PASS">
          <params>
            <param index="0">
              <value>
                <![CDATA[fglPi^%%*2]]>
              </value>
            </param>
          </params>
          <reporter-output>
          </reporter-output>
        </test-method> <!-- f -->
        <test-method signature="f1(java.lang.String, java.lang.String)[pri:0, instance:ex.NewTest@7690781]" started-at="2020-10-15T11:11:35 ICT" name="f1" data-provider="dataFromExcel" finished-at="2020-10-15T11:11:38 ICT" duration-ms="3076" status="PASS">
          <params>
            <param index="0">
              <value>
                <![CDATA[22]]>
              </value>
            </param>
            <param index="1">
              <value>
                <![CDATA[2]]>
              </value>
            </param>
          </params>
          <reporter-output>
          </reporter-output>
        </test-method> <!-- f1 -->
        <test-method signature="f1(java.lang.String, java.lang.String)[pri:0, instance:ex.NewTest@7690781]" started-at="2020-10-15T11:11:38 ICT" name="f1" data-provider="dataFromExcel" finished-at="2020-10-15T11:11:39 ICT" duration-ms="838" status="PASS">
          <params>
            <param index="0">
              <value>
                <![CDATA[123]]>
              </value>
            </param>
            <param index="1">
              <value>
                <![CDATA[222]]>
              </value>
            </param>
          </params>
          <reporter-output>
          </reporter-output>
        </test-method> <!-- f1 -->
        <test-method signature="f1(java.lang.String, java.lang.String)[pri:0, instance:ex.NewTest@7690781]" started-at="2020-10-15T11:11:39 ICT" name="f1" data-provider="dataFromExcel" finished-at="2020-10-15T11:11:40 ICT" duration-ms="646" status="PASS">
          <params>
            <param index="0">
              <value>
                <![CDATA[1]]>
              </value>
            </param>
            <param index="1">
              <value>
                <![CDATA[0]]>
              </value>
            </param>
          </params>
          <reporter-output>
          </reporter-output>
        </test-method> <!-- f1 -->
        <test-method signature="f1(java.lang.String, java.lang.String)[pri:0, instance:ex.NewTest@7690781]" started-at="2020-10-15T11:11:40 ICT" name="f1" data-provider="dataFromExcel" finished-at="2020-10-15T11:11:41 ICT" duration-ms="1620" status="PASS">
          <params>
            <param index="0">
              <value>
                <![CDATA[0]]>
              </value>
            </param>
            <param index="1">
              <value>
                <![CDATA[0]]>
              </value>
            </param>
          </params>
          <reporter-output>
          </reporter-output>
        </test-method> <!-- f1 -->
        <test-method is-config="true" signature="afterTest()[pri:0, instance:ex.NewTest@7690781]" started-at="2020-10-15T11:11:41 ICT" name="afterTest" finished-at="2020-10-15T11:11:42 ICT" duration-ms="738" status="PASS">
          <reporter-output>
          </reporter-output>
        </test-method> <!-- afterTest -->
      </class> <!-- ex.NewTest -->
    </test> <!-- Default test -->
  </suite> <!-- Default suite -->
</testng-results>
